  [1m[35m (275.5ms)[0m  [1m[35mCREATE DATABASE "esforza_development" ENCODING = 'unicode'[0m
  ↳ bin/rails:9
  [1m[35m (136.3ms)[0m  [1m[35mCREATE DATABASE "esforza_test" ENCODING = 'unicode'[0m
  ↳ bin/rails:9
  [1m[35m (73.6ms)[0m  [1m[35mCREATE TABLE "schema_migrations" ("version" character varying NOT NULL PRIMARY KEY)[0m
  ↳ bin/rails:9
  [1m[35m (26.9ms)[0m  [1m[35mCREATE TABLE "ar_internal_metadata" ("key" character varying NOT NULL PRIMARY KEY, "value" character varying, "created_at" timestamp NOT NULL, "updated_at" timestamp NOT NULL)[0m
  ↳ bin/rails:9
  [1m[35m (5.3ms)[0m  [1m[34mSELECT pg_try_advisory_lock(3850452704438147535)[0m
  ↳ bin/rails:9
  [1m[35m (0.8ms)[0m  [1m[34mSELECT "schema_migrations"."version" FROM "schema_migrations" ORDER BY "schema_migrations"."version" ASC[0m
  ↳ bin/rails:9
Migrating to CreateUsers (20200406155737)
  [1m[35m (47.2ms)[0m  [1m[35mCREATE  INDEX  "index_users_on_username" ON "users"  ("username")[0m
  ↳ db/migrate/20200406155737_create_users.rb:15
  [1m[35m (10.8ms)[0m  [1m[35mCREATE  INDEX  "index_users_on_username" ON "users"  ("username")[0m
  ↳ db/migrate/20200406155737_create_users.rb:15
  [1m[35m (0.3ms)[0m  [1m[34mSELECT pg_advisory_unlock(3850452704438147535)[0m
  ↳ bin/rails:9
  [1m[35m (1.1ms)[0m  [1m[35mCREATE DATABASE "esforza_development" ENCODING = 'unicode'[0m
  ↳ bin/rails:9
  [1m[35m (1.4ms)[0m  [1m[35mCREATE DATABASE "esforza_test" ENCODING = 'unicode'[0m
  ↳ bin/rails:9
  [1m[35m (0.3ms)[0m  [1m[34mSELECT pg_try_advisory_lock(3850452704438147535)[0m
  ↳ bin/rails:9
  [1m[35m (1.2ms)[0m  [1m[34mSELECT "schema_migrations"."version" FROM "schema_migrations" ORDER BY "schema_migrations"."version" ASC[0m
  ↳ bin/rails:9
Migrating to CreateUsers (20200406155737)
  [1m[35m (7.0ms)[0m  [1m[35mCREATE  INDEX  "index_users_on_username" ON "users"  ("username")[0m
  ↳ db/migrate/20200406155737_create_users.rb:15
  [1m[35m (1.0ms)[0m  [1m[35mCREATE  INDEX  "index_users_on_username" ON "users"  ("username")[0m
  ↳ db/migrate/20200406155737_create_users.rb:15
  [1m[35m (0.3ms)[0m  [1m[34mSELECT pg_advisory_unlock(3850452704438147535)[0m
  ↳ bin/rails:9
  [1m[35m (1.2ms)[0m  [1m[34mSELECT "schema_migrations"."version" FROM "schema_migrations" ORDER BY "schema_migrations"."version" ASC[0m
  ↳ bin/rails:9
  [1m[35m (0.3ms)[0m  [1m[34mSELECT "schema_migrations"."version" FROM "schema_migrations" ORDER BY "schema_migrations"."version" ASC[0m
  ↳ bin/rails:9
  [1m[35m (52.8ms)[0m  [1m[35mDROP DATABASE IF EXISTS "esforza_development"[0m
  ↳ bin/rails:9
  [1m[35m (51.5ms)[0m  [1m[35mDROP DATABASE IF EXISTS "esforza_test"[0m
  ↳ bin/rails:9
  [1m[35m (253.0ms)[0m  [1m[35mCREATE DATABASE "esforza_development" ENCODING = 'unicode'[0m
  ↳ bin/rails:9
  [1m[35m (132.3ms)[0m  [1m[35mCREATE DATABASE "esforza_test" ENCODING = 'unicode'[0m
  ↳ bin/rails:9
  [1m[35m (62.4ms)[0m  [1m[35mCREATE TABLE "schema_migrations" ("version" character varying NOT NULL PRIMARY KEY)[0m
  ↳ bin/rails:9
  [1m[35m (32.9ms)[0m  [1m[35mCREATE TABLE "ar_internal_metadata" ("key" character varying NOT NULL PRIMARY KEY, "value" character varying, "created_at" timestamp NOT NULL, "updated_at" timestamp NOT NULL)[0m
  ↳ bin/rails:9
  [1m[35m (5.1ms)[0m  [1m[34mSELECT pg_try_advisory_lock(3850452704438147535)[0m
  ↳ bin/rails:9
  [1m[35m (0.9ms)[0m  [1m[34mSELECT "schema_migrations"."version" FROM "schema_migrations" ORDER BY "schema_migrations"."version" ASC[0m
  ↳ bin/rails:9
Migrating to CreateUsers (20200406160803)
  [1m[35m (8.4ms)[0m  [1m[35mCREATE  INDEX  "index_users_on_username" ON "users"  ("username")[0m
  ↳ db/migrate/20200406160803_create_users.rb:15
  [1m[35m (2.4ms)[0m  [1m[35mCREATE  INDEX  "index_users_on_username" ON "users"  ("username")[0m
  ↳ db/migrate/20200406160803_create_users.rb:15
  [1m[35m (0.3ms)[0m  [1m[34mSELECT pg_advisory_unlock(3850452704438147535)[0m
  ↳ bin/rails:9
  [1m[35m (0.3ms)[0m  [1m[34mSELECT pg_try_advisory_lock(3850452704438147535)[0m
  ↳ bin/rails:9
  [1m[35m (1.1ms)[0m  [1m[34mSELECT "schema_migrations"."version" FROM "schema_migrations" ORDER BY "schema_migrations"."version" ASC[0m
  ↳ bin/rails:9
Migrating to CreateUsers (20200406160803)
  [1m[35m (0.2ms)[0m  [1m[35mBEGIN[0m
  ↳ bin/rails:9
  [1m[35m (39.7ms)[0m  [1m[35mCREATE TABLE "users" ("id" bigserial primary key, "username" character varying NOT NULL, "fname" character varying NOT NULL, "lname" character varying NOT NULL, "birthday" integer NOT NULL, "gender" character varying NOT NULL, "location" integer NOT NULL, "session_token" character varying NOT NULL, "password_digest" character varying NOT NULL, "created_at" timestamp NOT NULL, "updated_at" timestamp NOT NULL)[0m
  ↳ db/migrate/20200406160803_create_users.rb:3
  [1m[35m (8.0ms)[0m  [1m[35mCREATE  INDEX  "index_users_on_username" ON "users"  ("username")[0m
  ↳ db/migrate/20200406160803_create_users.rb:14
  [1m[35m (2.1ms)[0m  [1m[35mCREATE  INDEX  "index_users_on_session_token" ON "users"  ("session_token")[0m
  ↳ db/migrate/20200406160803_create_users.rb:15
  [1m[36mActiveRecord::SchemaMigration Create (2.4ms)[0m  [1m[32mINSERT INTO "schema_migrations" ("version") VALUES ($1) RETURNING "version"[0m  [["version", "20200406160803"]]
  ↳ bin/rails:9
  [1m[35m (3.0ms)[0m  [1m[35mCOMMIT[0m
  ↳ bin/rails:9
  [1m[36mActiveRecord::InternalMetadata Load (6.1ms)[0m  [1m[34mSELECT  "ar_internal_metadata".* FROM "ar_internal_metadata" WHERE "ar_internal_metadata"."key" = $1 LIMIT $2[0m  [["key", "environment"], ["LIMIT", 1]]
  ↳ bin/rails:9
  [1m[35m (0.2ms)[0m  [1m[35mBEGIN[0m
  ↳ bin/rails:9
  [1m[36mActiveRecord::InternalMetadata Create (0.6ms)[0m  [1m[32mINSERT INTO "ar_internal_metadata" ("key", "value", "created_at", "updated_at") VALUES ($1, $2, $3, $4) RETURNING "key"[0m  [["key", "environment"], ["value", "development"], ["created_at", "2020-04-06 16:09:30.595897"], ["updated_at", "2020-04-06 16:09:30.595897"]]
  ↳ bin/rails:9
  [1m[35m (0.4ms)[0m  [1m[35mCOMMIT[0m
  ↳ bin/rails:9
  [1m[35m (0.3ms)[0m  [1m[34mSELECT pg_advisory_unlock(3850452704438147535)[0m
  ↳ bin/rails:9
  [1m[35m (1.3ms)[0m  [1m[34mSELECT "schema_migrations"."version" FROM "schema_migrations" ORDER BY "schema_migrations"."version" ASC[0m
  ↳ bin/rails:9
  [1m[35m (1.3ms)[0m  [1m[34mSELECT "schema_migrations"."version" FROM "schema_migrations" ORDER BY "schema_migrations"."version" ASC[0m
  ↳ /Users/edward/.rbenv/versions/2.5.1/bin/annotate:23
Started GET "/" for ::1 at 2020-04-06 14:03:26 -0400
  [1m[35m (13.3ms)[0m  [1m[34mSELECT "schema_migrations"."version" FROM "schema_migrations" ORDER BY "schema_migrations"."version" ASC[0m
  ↳ /Users/edward/.rbenv/versions/2.5.1/lib/ruby/gems/2.5.0/gems/activerecord-5.2.4.2/lib/active_record/log_subscriber.rb:98
Processing by StaticPagesController#root as HTML
  Rendering static_pages/root.html.erb within layouts/application
  Rendered static_pages/root.html.erb within layouts/application (3.1ms)
Completed 200 OK in 387ms (Views: 380.6ms | ActiveRecord: 0.0ms)


Started GET "/" for ::1 at 2020-04-06 14:05:15 -0400
  [1m[35m (1.1ms)[0m  [1m[34mSELECT "schema_migrations"."version" FROM "schema_migrations" ORDER BY "schema_migrations"."version" ASC[0m
  ↳ /Users/edward/.rbenv/versions/2.5.1/lib/ruby/gems/2.5.0/gems/activerecord-5.2.4.2/lib/active_record/log_subscriber.rb:98
Processing by StaticPagesController#root as HTML
  Rendering static_pages/root.html.erb within layouts/application
  Rendered static_pages/root.html.erb within layouts/application (2.6ms)
Completed 200 OK in 391ms (Views: 386.5ms | ActiveRecord: 0.0ms)


  [1m[36mUser Exists (16.7ms)[0m  [1m[34mSELECT  1 AS one FROM "users" WHERE "users"."username" = $1 LIMIT $2[0m  [["username", "Matantan"], ["LIMIT", 1]]
  [1m[36mUser Exists (0.6ms)[0m  [1m[34mSELECT  1 AS one FROM "users" WHERE "users"."session_token" = $1 LIMIT $2[0m  [["session_token", "jLR01r304T2zjUHcCq28Sg"], ["LIMIT", 1]]
  [1m[36mUser Exists (1.2ms)[0m  [1m[34mSELECT  1 AS one FROM "users" WHERE "users"."username" = $1 LIMIT $2[0m  [["username", "Matantan"], ["LIMIT", 1]]
  [1m[36mUser Exists (0.7ms)[0m  [1m[34mSELECT  1 AS one FROM "users" WHERE "users"."session_token" = $1 LIMIT $2[0m  [["session_token", "oeCaTpGgcGWE_TpP8u8b6A"], ["LIMIT", 1]]
  [1m[36mUser Load (1.2ms)[0m  [1m[34mSELECT "users".* FROM "users"[0m
  [1m[36mUser Exists (1.3ms)[0m  [1m[34mSELECT  1 AS one FROM "users" WHERE "users"."username" = $1 LIMIT $2[0m  [["username", "Matantan"], ["LIMIT", 1]]
  [1m[36mUser Exists (0.9ms)[0m  [1m[34mSELECT  1 AS one FROM "users" WHERE "users"."session_token" = $1 LIMIT $2[0m  [["session_token", "vfhFsWBAtiEBalA8mjs0PA"], ["LIMIT", 1]]
  [1m[35m (1.5ms)[0m  [1m[34mSELECT "schema_migrations"."version" FROM "schema_migrations" ORDER BY "schema_migrations"."version" ASC[0m
  ↳ bin/rails:9
  [1m[36mUser Load (1.3ms)[0m  [1m[34mSELECT "users".* FROM "users"[0m
  ↳ db/seeds.rb:8
  [1m[35m (0.3ms)[0m  [1m[35mBEGIN[0m
  ↳ db/seeds.rb:21
  [1m[36mUser Exists (0.9ms)[0m  [1m[34mSELECT  1 AS one FROM "users" WHERE "users"."username" = $1 LIMIT $2[0m  [["username", "Grubby"], ["LIMIT", 1]]
  ↳ db/seeds.rb:21
  [1m[36mUser Exists (0.5ms)[0m  [1m[34mSELECT  1 AS one FROM "users" WHERE "users"."session_token" = $1 LIMIT $2[0m  [["session_token", "EYvP62mN2PwnVrMGbHDN0g"], ["LIMIT", 1]]
  ↳ db/seeds.rb:21
  [1m[35m (0.3ms)[0m  [1m[31mROLLBACK[0m
  ↳ db/seeds.rb:21
  [1m[35m (0.2ms)[0m  [1m[35mBEGIN[0m
  ↳ db/seeds.rb:30
  [1m[36mUser Exists (0.4ms)[0m  [1m[34mSELECT  1 AS one FROM "users" WHERE "users"."username" = $1 LIMIT $2[0m  [["username", "shroud"], ["LIMIT", 1]]
  ↳ db/seeds.rb:30
  [1m[36mUser Exists (0.4ms)[0m  [1m[34mSELECT  1 AS one FROM "users" WHERE "users"."session_token" = $1 LIMIT $2[0m  [["session_token", "_ZRULrRb-OF1y7fQF__YFw"], ["LIMIT", 1]]
  ↳ db/seeds.rb:30
  [1m[35m (0.2ms)[0m  [1m[31mROLLBACK[0m
  ↳ db/seeds.rb:30
  [1m[35m (0.2ms)[0m  [1m[35mBEGIN[0m
  ↳ db/seeds.rb:39
  [1m[36mUser Exists (0.4ms)[0m  [1m[34mSELECT  1 AS one FROM "users" WHERE "users"."username" = $1 LIMIT $2[0m  [["username", "ACE"], ["LIMIT", 1]]
  ↳ db/seeds.rb:39
  [1m[36mUser Exists (0.3ms)[0m  [1m[34mSELECT  1 AS one FROM "users" WHERE "users"."session_token" = $1 LIMIT $2[0m  [["session_token", "pIkTEUacCIQdtRejA8NDFA"], ["LIMIT", 1]]
  ↳ db/seeds.rb:39
  [1m[35m (0.3ms)[0m  [1m[31mROLLBACK[0m
  ↳ db/seeds.rb:39
  [1m[35m (0.2ms)[0m  [1m[35mBEGIN[0m
  ↳ db/seeds.rb:48
  [1m[36mUser Exists (0.5ms)[0m  [1m[34mSELECT  1 AS one FROM "users" WHERE "users"."username" = $1 LIMIT $2[0m  [["username", "Seagull"], ["LIMIT", 1]]
  ↳ db/seeds.rb:48
  [1m[36mUser Exists (0.4ms)[0m  [1m[34mSELECT  1 AS one FROM "users" WHERE "users"."session_token" = $1 LIMIT $2[0m  [["session_token", "4Epsy0OnABWB7laFNZLCYw"], ["LIMIT", 1]]
  ↳ db/seeds.rb:48
  [1m[35m (0.2ms)[0m  [1m[31mROLLBACK[0m
  ↳ db/seeds.rb:48
  [1m[35m (0.2ms)[0m  [1m[35mBEGIN[0m
  ↳ db/seeds.rb:57
  [1m[36mUser Exists (0.4ms)[0m  [1m[34mSELECT  1 AS one FROM "users" WHERE "users"."username" = $1 LIMIT $2[0m  [["username", "f0rest"], ["LIMIT", 1]]
  ↳ db/seeds.rb:57
  [1m[36mUser Exists (0.4ms)[0m  [1m[34mSELECT  1 AS one FROM "users" WHERE "users"."session_token" = $1 LIMIT $2[0m  [["session_token", "sICx3qNRxqLzCpELPMZ7TQ"], ["LIMIT", 1]]
  ↳ db/seeds.rb:57
  [1m[35m (0.2ms)[0m  [1m[31mROLLBACK[0m
  ↳ db/seeds.rb:57
  [1m[36mUser Load (0.9ms)[0m  [1m[34mSELECT "users".* FROM "users"[0m
  [1m[36mUser Load (0.9ms)[0m  [1m[34mSELECT "users".* FROM "users"[0m
  [1m[35m (1.5ms)[0m  [1m[34mSELECT "schema_migrations"."version" FROM "schema_migrations" ORDER BY "schema_migrations"."version" ASC[0m
  ↳ bin/rails:9
  [1m[36mUser Load (0.9ms)[0m  [1m[34mSELECT "users".* FROM "users"[0m
  ↳ db/seeds.rb:8
  [1m[35m (0.2ms)[0m  [1m[35mBEGIN[0m
  ↳ db/seeds.rb:22
  [1m[36mUser Exists (0.7ms)[0m  [1m[34mSELECT  1 AS one FROM "users" WHERE "users"."username" = $1 LIMIT $2[0m  [["username", "ACE"], ["LIMIT", 1]]
  ↳ db/seeds.rb:22
  [1m[36mUser Exists (0.4ms)[0m  [1m[34mSELECT  1 AS one FROM "users" WHERE "users"."session_token" = $1 LIMIT $2[0m  [["session_token", "iGm8wrBaTxsrNHrmzilF0Q"], ["LIMIT", 1]]
  ↳ db/seeds.rb:22
  [1m[36mUser Create (24.6ms)[0m  [1m[32mINSERT INTO "users" ("username", "fname", "lname", "birthday", "gender", "location", "session_token", "password_digest", "created_at", "updated_at") VALUES ($1, $2, $3, $4, $5, $6, $7, $8, $9, $10) RETURNING "id"[0m  [["username", "ACE"], ["fname", "Margrett"], ["lname", "McClure"], ["birthday", 2009], ["gender", "M"], ["location", 75659], ["session_token", "iGm8wrBaTxsrNHrmzilF0Q"], ["password_digest", "$2a$12$TRj2QRDB2n3vuGMyPwZOf.XczNtZ2LRQyxjpfLBflxGf2hB99FVs2"], ["created_at", "2020-04-06 19:09:40.752459"], ["updated_at", "2020-04-06 19:09:40.752459"]]
  ↳ db/seeds.rb:22
  [1m[35m (14.1ms)[0m  [1m[35mCOMMIT[0m
  ↳ db/seeds.rb:22
  [1m[35m (0.2ms)[0m  [1m[35mBEGIN[0m
  ↳ db/seeds.rb:31
  [1m[36mUser Exists (0.5ms)[0m  [1m[34mSELECT  1 AS one FROM "users" WHERE "users"."username" = $1 LIMIT $2[0m  [["username", "cArn"], ["LIMIT", 1]]
  ↳ db/seeds.rb:31
  [1m[36mUser Exists (0.5ms)[0m  [1m[34mSELECT  1 AS one FROM "users" WHERE "users"."session_token" = $1 LIMIT $2[0m  [["session_token", "N2iJuJRF7CNfSV-1qfcA9g"], ["LIMIT", 1]]
  ↳ db/seeds.rb:31
  [1m[36mUser Create (0.6ms)[0m  [1m[32mINSERT INTO "users" ("username", "fname", "lname", "birthday", "gender", "location", "session_token", "password_digest", "created_at", "updated_at") VALUES ($1, $2, $3, $4, $5, $6, $7, $8, $9, $10) RETURNING "id"[0m  [["username", "cArn"], ["fname", "Tobias"], ["lname", "Conn"], ["birthday", 1998], ["gender", "M"], ["location", 26404], ["session_token", "N2iJuJRF7CNfSV-1qfcA9g"], ["password_digest", "$2a$12$xokCZ630EqzgutgmZNnuVegsD.5cuGZjOGMPkDQ6f7.isk.lA19Wq"], ["created_at", "2020-04-06 19:09:41.073420"], ["updated_at", "2020-04-06 19:09:41.073420"]]
  ↳ db/seeds.rb:31
  [1m[35m (0.5ms)[0m  [1m[35mCOMMIT[0m
  ↳ db/seeds.rb:31
  [1m[35m (0.2ms)[0m  [1m[35mBEGIN[0m
  ↳ db/seeds.rb:40
  [1m[36mUser Exists (0.4ms)[0m  [1m[34mSELECT  1 AS one FROM "users" WHERE "users"."username" = $1 LIMIT $2[0m  [["username", "Grubby"], ["LIMIT", 1]]
  ↳ db/seeds.rb:40
  [1m[36mUser Exists (0.3ms)[0m  [1m[34mSELECT  1 AS one FROM "users" WHERE "users"."session_token" = $1 LIMIT $2[0m  [["session_token", "baGOeklnHwmXiVGx-f3Fkw"], ["LIMIT", 1]]
  ↳ db/seeds.rb:40
  [1m[36mUser Create (0.5ms)[0m  [1m[32mINSERT INTO "users" ("username", "fname", "lname", "birthday", "gender", "location", "session_token", "password_digest", "created_at", "updated_at") VALUES ($1, $2, $3, $4, $5, $6, $7, $8, $9, $10) RETURNING "id"[0m  [["username", "Grubby"], ["fname", "Porfirio"], ["lname", "Marks"], ["birthday", 1999], ["gender", "F"], ["location", 47888], ["session_token", "baGOeklnHwmXiVGx-f3Fkw"], ["password_digest", "$2a$12$QFge5pere1IPsDNr32WEOet6xgeCzcOL4Jv2YM8KxOB.AvV1O593W"], ["created_at", "2020-04-06 19:09:41.354799"], ["updated_at", "2020-04-06 19:09:41.354799"]]
  ↳ db/seeds.rb:40
  [1m[35m (1.5ms)[0m  [1m[35mCOMMIT[0m
  ↳ db/seeds.rb:40
  [1m[35m (0.5ms)[0m  [1m[35mBEGIN[0m
  ↳ db/seeds.rb:49
  [1m[36mUser Exists (1.0ms)[0m  [1m[34mSELECT  1 AS one FROM "users" WHERE "users"."username" = $1 LIMIT $2[0m  [["username", "ACE"], ["LIMIT", 1]]
  ↳ db/seeds.rb:49
  [1m[36mUser Exists (0.6ms)[0m  [1m[34mSELECT  1 AS one FROM "users" WHERE "users"."session_token" = $1 LIMIT $2[0m  [["session_token", "DCjBKePSlo3fJp6MJ5FU2A"], ["LIMIT", 1]]
  ↳ db/seeds.rb:49
  [1m[35m (0.3ms)[0m  [1m[31mROLLBACK[0m
  ↳ db/seeds.rb:49
  [1m[35m (0.4ms)[0m  [1m[35mBEGIN[0m
  ↳ db/seeds.rb:58
  [1m[36mUser Exists (1.2ms)[0m  [1m[34mSELECT  1 AS one FROM "users" WHERE "users"."username" = $1 LIMIT $2[0m  [["username", "Grubby"], ["LIMIT", 1]]
  ↳ db/seeds.rb:58
  [1m[36mUser Exists (1.1ms)[0m  [1m[34mSELECT  1 AS one FROM "users" WHERE "users"."session_token" = $1 LIMIT $2[0m  [["session_token", "AWQFd9m5P2RRGeMFj54b8A"], ["LIMIT", 1]]
  ↳ db/seeds.rb:58
  [1m[35m (0.2ms)[0m  [1m[31mROLLBACK[0m
  ↳ db/seeds.rb:58
  [1m[36mUser Load (2.0ms)[0m  [1m[34mSELECT "users".* FROM "users"[0m
  [1m[35m (12.1ms)[0m  [1m[34mSELECT pg_try_advisory_lock(3850452704438147535)[0m
  ↳ bin/rails:9
  [1m[35m (1.5ms)[0m  [1m[34mSELECT "schema_migrations"."version" FROM "schema_migrations" ORDER BY "schema_migrations"."version" ASC[0m
  ↳ bin/rails:9
Migrating to ModifyUsersTableBirthdayColumn (20200406191241)
  [1m[35m (0.2ms)[0m  [1m[35mBEGIN[0m
  ↳ bin/rails:9
  [1m[35m (38.6ms)[0m  [1m[35mALTER TABLE "users" DROP COLUMN "birthday"[0m
  ↳ db/migrate/20200406191241_modify_users_table_birthday_column.rb:3
  [1m[35m (0.3ms)[0m  [1m[31mROLLBACK[0m
  ↳ bin/rails:9
  [1m[35m (0.4ms)[0m  [1m[34mSELECT pg_advisory_unlock(3850452704438147535)[0m
  ↳ bin/rails:9
  [1m[36mUser Load (1.0ms)[0m  [1m[34mSELECT  "users".* FROM "users" ORDER BY "users"."id" ASC LIMIT $1[0m  [["LIMIT", 1]]
  [1m[35m (0.2ms)[0m  [1m[35mBEGIN[0m
  [1m[36mUser Destroy (27.3ms)[0m  [1m[31mDELETE FROM "users" WHERE "users"."id" = $1[0m  [["id", 1]]
  [1m[35m (1.6ms)[0m  [1m[35mCOMMIT[0m
  [1m[36mUser Load (0.5ms)[0m  [1m[34mSELECT  "users".* FROM "users" ORDER BY "users"."id" ASC LIMIT $1[0m  [["LIMIT", 1]]
  [1m[35m (0.2ms)[0m  [1m[35mBEGIN[0m
  [1m[36mUser Destroy (0.4ms)[0m  [1m[31mDELETE FROM "users" WHERE "users"."id" = $1[0m  [["id", 2]]
  [1m[35m (1.3ms)[0m  [1m[35mCOMMIT[0m
  [1m[36mUser Load (11.2ms)[0m  [1m[34mSELECT  "users".* FROM "users" ORDER BY "users"."id" ASC LIMIT $1[0m  [["LIMIT", 1]]
  [1m[35m (8.5ms)[0m  [1m[35mBEGIN[0m
  [1m[36mUser Destroy (1.0ms)[0m  [1m[31mDELETE FROM "users" WHERE "users"."id" = $1[0m  [["id", 3]]
  [1m[35m (4.8ms)[0m  [1m[35mCOMMIT[0m
  [1m[36mUser Load (1.5ms)[0m  [1m[34mSELECT "users".* FROM "users"[0m
  [1m[35m (0.3ms)[0m  [1m[34mSELECT pg_try_advisory_lock(3850452704438147535)[0m
  ↳ bin/rails:9
  [1m[35m (1.5ms)[0m  [1m[34mSELECT "schema_migrations"."version" FROM "schema_migrations" ORDER BY "schema_migrations"."version" ASC[0m
  ↳ bin/rails:9
Migrating to ModifyUsersTableBirthdayColumn (20200406191241)
  [1m[35m (0.2ms)[0m  [1m[35mBEGIN[0m
  ↳ bin/rails:9
  [1m[35m (2.1ms)[0m  [1m[35mALTER TABLE "users" DROP COLUMN "birthday"[0m
  ↳ db/migrate/20200406191241_modify_users_table_birthday_column.rb:3
  [1m[35m (21.8ms)[0m  [1m[35mALTER TABLE "users" ADD "birthday" character varying NOT NULL[0m
  ↳ db/migrate/20200406191241_modify_users_table_birthday_column.rb:4
  [1m[36mActiveRecord::SchemaMigration Create (0.5ms)[0m  [1m[32mINSERT INTO "schema_migrations" ("version") VALUES ($1) RETURNING "version"[0m  [["version", "20200406191241"]]
  ↳ bin/rails:9
  [1m[35m (2.7ms)[0m  [1m[35mCOMMIT[0m
  ↳ bin/rails:9
  [1m[36mActiveRecord::InternalMetadata Load (0.6ms)[0m  [1m[34mSELECT  "ar_internal_metadata".* FROM "ar_internal_metadata" WHERE "ar_internal_metadata"."key" = $1 LIMIT $2[0m  [["key", "environment"], ["LIMIT", 1]]
  ↳ bin/rails:9
  [1m[35m (0.2ms)[0m  [1m[35mBEGIN[0m
  ↳ bin/rails:9
  [1m[35m (0.2ms)[0m  [1m[35mCOMMIT[0m
  ↳ bin/rails:9
  [1m[35m (0.3ms)[0m  [1m[34mSELECT pg_advisory_unlock(3850452704438147535)[0m
  ↳ bin/rails:9
  [1m[35m (0.3ms)[0m  [1m[34mSELECT "schema_migrations"."version" FROM "schema_migrations" ORDER BY "schema_migrations"."version" ASC[0m
  ↳ bin/rails:9
  [1m[35m (1.2ms)[0m  [1m[34mSELECT "schema_migrations"."version" FROM "schema_migrations" ORDER BY "schema_migrations"."version" ASC[0m
  ↳ /Users/edward/.rbenv/versions/2.5.1/bin/annotate:23
  [1m[35m (1.2ms)[0m  [1m[34mSELECT "schema_migrations"."version" FROM "schema_migrations" ORDER BY "schema_migrations"."version" ASC[0m
  ↳ bin/rails:9
  [1m[36mUser Load (0.9ms)[0m  [1m[34mSELECT "users".* FROM "users"[0m
  ↳ db/seeds.rb:8
  [1m[35m (0.2ms)[0m  [1m[35mBEGIN[0m
  ↳ db/seeds.rb:22
  [1m[36mUser Exists (0.8ms)[0m  [1m[34mSELECT  1 AS one FROM "users" WHERE "users"."username" = $1 LIMIT $2[0m  [["username", "Dendi"], ["LIMIT", 1]]
  ↳ db/seeds.rb:22
  [1m[36mUser Exists (0.4ms)[0m  [1m[34mSELECT  1 AS one FROM "users" WHERE "users"."session_token" = $1 LIMIT $2[0m  [["session_token", "PSpkkfZt3bdxyfc4B3CkNA"], ["LIMIT", 1]]
  ↳ db/seeds.rb:22
  [1m[36mUser Create (0.8ms)[0m  [1m[32mINSERT INTO "users" ("username", "fname", "lname", "gender", "location", "session_token", "password_digest", "created_at", "updated_at", "birthday") VALUES ($1, $2, $3, $4, $5, $6, $7, $8, $9, $10) RETURNING "id"[0m  [["username", "Dendi"], ["fname", "Spencer"], ["lname", "Goodwin"], ["gender", "F"], ["location", 61258], ["session_token", "PSpkkfZt3bdxyfc4B3CkNA"], ["password_digest", "$2a$12$obVy2XQqUyel5RsORiXcIuGs4HluHjJ0knLHqEnkhumi5l9Ee.sgG"], ["created_at", "2020-04-06 19:18:09.756769"], ["updated_at", "2020-04-06 19:18:09.756769"], ["birthday", "1996-10-26"]]
  ↳ db/seeds.rb:22
  [1m[35m (13.7ms)[0m  [1m[35mCOMMIT[0m
  ↳ db/seeds.rb:22
  [1m[35m (1.3ms)[0m  [1m[34mSELECT "schema_migrations"."version" FROM "schema_migrations" ORDER BY "schema_migrations"."version" ASC[0m
  ↳ bin/rails:9
  [1m[36mUser Load (0.9ms)[0m  [1m[34mSELECT "users".* FROM "users"[0m
  ↳ db/seeds.rb:8
  [1m[35m (0.3ms)[0m  [1m[35mBEGIN[0m
  ↳ db/seeds.rb:8
  [1m[36mUser Destroy (1.5ms)[0m  [1m[31mDELETE FROM "users" WHERE "users"."id" = $1[0m  [["id", 4]]
  ↳ db/seeds.rb:8
  [1m[35m (6.6ms)[0m  [1m[35mCOMMIT[0m
  ↳ db/seeds.rb:8
  [1m[35m (0.2ms)[0m  [1m[35mBEGIN[0m
  ↳ db/seeds.rb:22
  [1m[36mUser Exists (0.6ms)[0m  [1m[34mSELECT  1 AS one FROM "users" WHERE "users"."username" = $1 LIMIT $2[0m  [["username", "Faker"], ["LIMIT", 1]]
  ↳ db/seeds.rb:22
  [1m[36mUser Exists (0.5ms)[0m  [1m[34mSELECT  1 AS one FROM "users" WHERE "users"."session_token" = $1 LIMIT $2[0m  [["session_token", "Hu8TlE0nshs8j4o5dhD56g"], ["LIMIT", 1]]
  ↳ db/seeds.rb:22
  [1m[36mUser Create (0.6ms)[0m  [1m[32mINSERT INTO "users" ("username", "fname", "lname", "gender", "location", "session_token", "password_digest", "created_at", "updated_at", "birthday") VALUES ($1, $2, $3, $4, $5, $6, $7, $8, $9, $10) RETURNING "id"[0m  [["username", "Faker"], ["fname", "Ozzie"], ["lname", "Gibson"], ["gender", "M"], ["location", 95633], ["session_token", "Hu8TlE0nshs8j4o5dhD56g"], ["password_digest", "$2a$12$IVaUiu.R9A.mANErgEFM9uOk0UNOE6KFu1LEAtsakqm0QoerziCPW"], ["created_at", "2020-04-06 19:18:46.310849"], ["updated_at", "2020-04-06 19:18:46.310849"], ["birthday", "2009-11-4"]]
  ↳ db/seeds.rb:22
  [1m[35m (1.4ms)[0m  [1m[35mCOMMIT[0m
  ↳ db/seeds.rb:22
  [1m[35m (0.2ms)[0m  [1m[35mBEGIN[0m
  ↳ db/seeds.rb:31
  [1m[36mUser Exists (0.4ms)[0m  [1m[34mSELECT  1 AS one FROM "users" WHERE "users"."username" = $1 LIMIT $2[0m  [["username", "Crimsix"], ["LIMIT", 1]]
  ↳ db/seeds.rb:31
  [1m[36mUser Exists (0.4ms)[0m  [1m[34mSELECT  1 AS one FROM "users" WHERE "users"."session_token" = $1 LIMIT $2[0m  [["session_token", "8PGnI6yMsOkpvUh2qtvZtQ"], ["LIMIT", 1]]
  ↳ db/seeds.rb:31
  [1m[36mUser Create (0.5ms)[0m  [1m[32mINSERT INTO "users" ("username", "fname", "lname", "gender", "location", "session_token", "password_digest", "created_at", "updated_at", "birthday") VALUES ($1, $2, $3, $4, $5, $6, $7, $8, $9, $10) RETURNING "id"[0m  [["username", "Crimsix"], ["fname", "Renae"], ["lname", "Jacobi"], ["gender", "M"], ["location", 11810], ["session_token", "8PGnI6yMsOkpvUh2qtvZtQ"], ["password_digest", "$2a$12$moN2kAw2VNI16iggdv6/7eW99RAStpbp9BO7TkbDLkvEdAMZGA7WS"], ["created_at", "2020-04-06 19:18:46.589538"], ["updated_at", "2020-04-06 19:18:46.589538"], ["birthday", "1996-10-26"]]
  ↳ db/seeds.rb:31
  [1m[35m (1.3ms)[0m  [1m[35mCOMMIT[0m
  ↳ db/seeds.rb:31
  [1m[35m (0.2ms)[0m  [1m[35mBEGIN[0m
  ↳ db/seeds.rb:40
  [1m[36mUser Exists (0.4ms)[0m  [1m[34mSELECT  1 AS one FROM "users" WHERE "users"."username" = $1 LIMIT $2[0m  [["username", "ACE"], ["LIMIT", 1]]
  ↳ db/seeds.rb:40
  [1m[36mUser Exists (0.5ms)[0m  [1m[34mSELECT  1 AS one FROM "users" WHERE "users"."session_token" = $1 LIMIT $2[0m  [["session_token", "DlMwJJAEUb-3ooGZacvG6w"], ["LIMIT", 1]]
  ↳ db/seeds.rb:40
  [1m[36mUser Create (2.3ms)[0m  [1m[32mINSERT INTO "users" ("username", "fname", "lname", "gender", "location", "session_token", "password_digest", "created_at", "updated_at", "birthday") VALUES ($1, $2, $3, $4, $5, $6, $7, $8, $9, $10) RETURNING "id"[0m  [["username", "ACE"], ["fname", "Myrtice"], ["lname", "Lockman"], ["gender", "F"], ["location", 74959], ["session_token", "DlMwJJAEUb-3ooGZacvG6w"], ["password_digest", "$2a$12$kMCKv7pfLRczDiMfIaFGGunae7og8NjfGsGg2583uGEcDwv9d/Vs2"], ["created_at", "2020-04-06 19:18:46.865987"], ["updated_at", "2020-04-06 19:18:46.865987"], ["birthday", "2009-11-4"]]
  ↳ db/seeds.rb:40
  [1m[35m (1.3ms)[0m  [1m[35mCOMMIT[0m
  ↳ db/seeds.rb:40
  [1m[35m (0.2ms)[0m  [1m[35mBEGIN[0m
  ↳ db/seeds.rb:49
  [1m[36mUser Exists (0.4ms)[0m  [1m[34mSELECT  1 AS one FROM "users" WHERE "users"."username" = $1 LIMIT $2[0m  [["username", "Dendi"], ["LIMIT", 1]]
  ↳ db/seeds.rb:49
  [1m[36mUser Exists (0.4ms)[0m  [1m[34mSELECT  1 AS one FROM "users" WHERE "users"."session_token" = $1 LIMIT $2[0m  [["session_token", "sf4949wxBMCa5C-mbzxMFQ"], ["LIMIT", 1]]
  ↳ db/seeds.rb:49
  [1m[36mUser Create (0.5ms)[0m  [1m[32mINSERT INTO "users" ("username", "fname", "lname", "gender", "location", "session_token", "password_digest", "created_at", "updated_at", "birthday") VALUES ($1, $2, $3, $4, $5, $6, $7, $8, $9, $10) RETURNING "id"[0m  [["username", "Dendi"], ["fname", "Jame"], ["lname", "D'Amore"], ["gender", "F"], ["location", 5765], ["session_token", "sf4949wxBMCa5C-mbzxMFQ"], ["password_digest", "$2a$12$7kFlA9QoAjgDN0olSVqNo.BF1.SagddlMgBNfqRB7uWQCvNZfKQ6C"], ["created_at", "2020-04-06 19:18:47.147492"], ["updated_at", "2020-04-06 19:18:47.147492"], ["birthday", "1996-10-26"]]
  ↳ db/seeds.rb:49
  [1m[35m (1.4ms)[0m  [1m[35mCOMMIT[0m
  ↳ db/seeds.rb:49
  [1m[35m (0.3ms)[0m  [1m[35mBEGIN[0m
  ↳ db/seeds.rb:58
  [1m[36mUser Exists (0.5ms)[0m  [1m[34mSELECT  1 AS one FROM "users" WHERE "users"."username" = $1 LIMIT $2[0m  [["username", "Seagull"], ["LIMIT", 1]]
  ↳ db/seeds.rb:58
  [1m[36mUser Exists (0.4ms)[0m  [1m[34mSELECT  1 AS one FROM "users" WHERE "users"."session_token" = $1 LIMIT $2[0m  [["session_token", "Y4CoJ3VI6vhWb0V8sNnNnQ"], ["LIMIT", 1]]
  ↳ db/seeds.rb:58
  [1m[36mUser Create (0.4ms)[0m  [1m[32mINSERT INTO "users" ("username", "fname", "lname", "gender", "location", "session_token", "password_digest", "created_at", "updated_at", "birthday") VALUES ($1, $2, $3, $4, $5, $6, $7, $8, $9, $10) RETURNING "id"[0m  [["username", "Seagull"], ["fname", "Hank"], ["lname", "Kihn"], ["gender", "M"], ["location", 22250], ["session_token", "Y4CoJ3VI6vhWb0V8sNnNnQ"], ["password_digest", "$2a$12$uPBQX7BWQK4xw37yHBsRT.YGjrbbMr307g8rC83cFxZOXchqd4cdm"], ["created_at", "2020-04-06 19:18:47.422659"], ["updated_at", "2020-04-06 19:18:47.422659"], ["birthday", "1998-10-21"]]
  ↳ db/seeds.rb:58
  [1m[35m (1.3ms)[0m  [1m[35mCOMMIT[0m
  ↳ db/seeds.rb:58
  [1m[36mUser Load (1.0ms)[0m  [1m[34mSELECT "users".* FROM "users"[0m
Started GET "/" for ::1 at 2020-04-06 15:44:42 -0400
  [1m[35m (7.8ms)[0m  [1m[34mSELECT "schema_migrations"."version" FROM "schema_migrations" ORDER BY "schema_migrations"."version" ASC[0m
  ↳ /Users/edward/.rbenv/versions/2.5.1/lib/ruby/gems/2.5.0/gems/activerecord-5.2.4.2/lib/active_record/log_subscriber.rb:98
Processing by StaticPagesController#root as HTML
  Rendering static_pages/root.html.erb within layouts/application
  Rendered static_pages/root.html.erb within layouts/application (2.8ms)
Completed 200 OK in 6410ms (Views: 6402.8ms | ActiveRecord: 0.0ms)


Started GET "/" for ::1 at 2020-04-06 16:48:17 -0400
Processing by StaticPagesController#root as HTML
  Rendering static_pages/root.html.erb within layouts/application
  Rendered static_pages/root.html.erb within layouts/application (49.2ms)
Completed 200 OK in 1100ms (Views: 1081.1ms | ActiveRecord: 0.0ms)


Started GET "/" for ::1 at 2020-04-06 16:51:03 -0400
Processing by StaticPagesController#root as HTML
  Rendering static_pages/root.html.erb within layouts/application
  Rendered static_pages/root.html.erb within layouts/application (0.5ms)
Completed 200 OK in 610ms (Views: 600.9ms | ActiveRecord: 0.0ms)


Started GET "/" for ::1 at 2020-04-06 16:53:04 -0400
Processing by StaticPagesController#root as HTML
  Rendering static_pages/root.html.erb within layouts/application
  Rendered static_pages/root.html.erb within layouts/application (0.9ms)
Completed 200 OK in 126ms (Views: 117.1ms | ActiveRecord: 0.0ms)


